<?xml version="1.0" encoding="UTF-8"?>
<!-- Generated by org.testng.reporters.JUnitXMLReporter -->
<testsuite hostname="LAPTOP-O9NEVTUV" ignored="0" name="OpenCart Tests" tests="6" failures="0" timestamp="2021-03-25T23:08:10 CET" time="54.892" errors="0">
  <testcase name="test_account_Registration" time="3.772" classname="testCases.TC_001_AccountRegistration"/>
  <testcase name="test_Login" time="4.159" classname="testCases.TC_002_Login"/>
  <testcase name="test_LoginDDT" time="4.219" classname="testCases.TC_003_LoginDDT"/>
  <testcase name="test_LoginDDT" time="12.319" classname="testCases.TC_003_LoginDDT"/>
  <testcase name="test_LoginDDT" time="12.257" classname="testCases.TC_003_LoginDDT"/>
  <testcase name="test_LoginDDT" time="12.288" classname="testCases.TC_003_LoginDDT"/>
</testsuite> <!-- OpenCart Tests -->
