<?xml version="1.0" encoding="UTF-8"?>
<!-- Generated by org.testng.reporters.JUnitXMLReporter -->
<testsuite ignored="0" hostname="LAPTOP-O9NEVTUV" failures="0" tests="6" name="OpenCart Tests" time="54.687" errors="0" timestamp="2021-03-25T23:17:07 CET">
  <testcase classname="testCases.TC_001_AccountRegistration" name="test_account_Registration" time="4.2"/>
  <testcase classname="testCases.TC_002_Login" name="test_Login" time="3.802"/>
  <testcase classname="testCases.TC_003_LoginDDT" name="test_LoginDDT" time="4.224"/>
  <testcase classname="testCases.TC_003_LoginDDT" name="test_LoginDDT" time="12.329"/>
  <testcase classname="testCases.TC_003_LoginDDT" name="test_LoginDDT" time="12.276"/>
  <testcase classname="testCases.TC_003_LoginDDT" name="test_LoginDDT" time="12.31"/>
</testsuite> <!-- OpenCart Tests -->
