<?xml version="1.0" encoding="UTF-8"?>
<!-- Generated by org.testng.reporters.JUnitXMLReporter -->
<testsuite ignored="2" hostname="LAPTOP-O9NEVTUV" failures="0" tests="0" time="0.222" errors="0" timestamp="2021-03-25T21:53:14 CET">
  <testcase classname="testCases.TC_002_Login" name="test_Login" time="0.0">
    <ignored/>
  </testcase> <!-- test_Login -->
  <testcase classname="testCases.TC_001_AccountRegistration" name="test_account_Registration" time="0.0">
    <ignored/>
  </testcase> <!-- test_account_Registration -->
</testsuite>
