<?xml version="1.0" encoding="UTF-8"?>
<testng-results ignored="0" total="6" passed="6" failed="0" skipped="0">
  <reporter-output>
  </reporter-output>
  <suite started-at="2021-03-25T23:16:12 CET" name="OpenCart Test Suite" finished-at="2021-03-25T23:17:07 CET" duration-ms="54687">
    <groups>
    </groups>
    <test started-at="2021-03-25T23:16:12 CET" name="OpenCart Tests" finished-at="2021-03-25T23:17:07 CET" duration-ms="54687">
      <class name="testCases.TC_002_Login">
        <test-method is-config="true" signature="setup(java.lang.String)[pri:0, instance:testCases.TC_002_Login@6bd61f98]" started-at="2021-03-25T23:16:19 CET" name="setup" finished-at="2021-03-25T23:16:20 CET" duration-ms="1081" status="PASS">
          <params>
            <param index="0">
              <value>
                <![CDATA[chrome]]>
              </value>
            </param>
          </params>
          <reporter-output>
          </reporter-output>
        </test-method> <!-- setup -->
        <test-method signature="test_Login()[pri:0, instance:testCases.TC_002_Login@6bd61f98]" started-at="2021-03-25T23:16:20 CET" name="test_Login" finished-at="2021-03-25T23:16:24 CET" duration-ms="3802" status="PASS">
          <reporter-output>
          </reporter-output>
        </test-method> <!-- test_Login -->
        <test-method is-config="true" signature="tearDown()[pri:0, instance:testCases.TC_002_Login@6bd61f98]" started-at="2021-03-25T23:16:24 CET" name="tearDown" finished-at="2021-03-25T23:16:24 CET" duration-ms="52" status="PASS">
          <reporter-output>
          </reporter-output>
        </test-method> <!-- tearDown -->
      </class> <!-- testCases.TC_002_Login -->
      <class name="testCases.TC_001_AccountRegistration">
        <test-method is-config="true" signature="setup(java.lang.String)[pri:0, instance:testCases.TC_001_AccountRegistration@4efac082]" started-at="2021-03-25T23:16:12 CET" name="setup" finished-at="2021-03-25T23:16:15 CET" duration-ms="2334" status="PASS">
          <params>
            <param index="0">
              <value>
                <![CDATA[chrome]]>
              </value>
            </param>
          </params>
          <reporter-output>
          </reporter-output>
        </test-method> <!-- setup -->
        <test-method signature="test_account_Registration()[pri:0, instance:testCases.TC_001_AccountRegistration@4efac082]" started-at="2021-03-25T23:16:15 CET" name="test_account_Registration" finished-at="2021-03-25T23:16:19 CET" duration-ms="4200" status="PASS">
          <reporter-output>
          </reporter-output>
        </test-method> <!-- test_account_Registration -->
        <test-method is-config="true" signature="tearDown()[pri:0, instance:testCases.TC_001_AccountRegistration@4efac082]" started-at="2021-03-25T23:16:19 CET" name="tearDown" finished-at="2021-03-25T23:16:19 CET" duration-ms="76" status="PASS">
          <reporter-output>
          </reporter-output>
        </test-method> <!-- tearDown -->
      </class> <!-- testCases.TC_001_AccountRegistration -->
      <class name="testCases.TC_003_LoginDDT">
        <test-method is-config="true" signature="setup(java.lang.String)[pri:0, instance:testCases.TC_003_LoginDDT@48aca48b]" started-at="2021-03-25T23:16:24 CET" name="setup" finished-at="2021-03-25T23:16:25 CET" duration-ms="1111" status="PASS">
          <params>
            <param index="0">
              <value>
                <![CDATA[chrome]]>
              </value>
            </param>
          </params>
          <reporter-output>
          </reporter-output>
        </test-method> <!-- setup -->
        <test-method signature="test_LoginDDT(java.lang.String, java.lang.String, java.lang.String)[pri:0, instance:testCases.TC_003_LoginDDT@48aca48b]" started-at="2021-03-25T23:16:26 CET" name="test_LoginDDT" data-provider="LoginData" finished-at="2021-03-25T23:16:30 CET" duration-ms="4224" status="PASS">
          <params>
            <param index="0">
              <value>
                <![CDATA[abc2021@gmail.com ]]>
              </value>
            </param>
            <param index="1">
              <value>
                <![CDATA[abc2021]]>
              </value>
            </param>
            <param index="2">
              <value>
                <![CDATA[Valid]]>
              </value>
            </param>
          </params>
          <reporter-output>
          </reporter-output>
        </test-method> <!-- test_LoginDDT -->
        <test-method signature="test_LoginDDT(java.lang.String, java.lang.String, java.lang.String)[pri:0, instance:testCases.TC_003_LoginDDT@48aca48b]" started-at="2021-03-25T23:16:30 CET" name="test_LoginDDT" data-provider="LoginData" finished-at="2021-03-25T23:16:42 CET" duration-ms="12329" status="PASS">
          <params>
            <param index="0">
              <value>
                <![CDATA[abc@gmail.com]]>
              </value>
            </param>
            <param index="1">
              <value>
                <![CDATA[abc2021]]>
              </value>
            </param>
            <param index="2">
              <value>
                <![CDATA[Invalid]]>
              </value>
            </param>
          </params>
          <reporter-output>
          </reporter-output>
        </test-method> <!-- test_LoginDDT -->
        <test-method signature="test_LoginDDT(java.lang.String, java.lang.String, java.lang.String)[pri:0, instance:testCases.TC_003_LoginDDT@48aca48b]" started-at="2021-03-25T23:16:42 CET" name="test_LoginDDT" data-provider="LoginData" finished-at="2021-03-25T23:16:55 CET" duration-ms="12276" status="PASS">
          <params>
            <param index="0">
              <value>
                <![CDATA[abc2021@gmail.com]]>
              </value>
            </param>
            <param index="1">
              <value>
                <![CDATA[test123]]>
              </value>
            </param>
            <param index="2">
              <value>
                <![CDATA[Invalid]]>
              </value>
            </param>
          </params>
          <reporter-output>
          </reporter-output>
        </test-method> <!-- test_LoginDDT -->
        <test-method signature="test_LoginDDT(java.lang.String, java.lang.String, java.lang.String)[pri:0, instance:testCases.TC_003_LoginDDT@48aca48b]" started-at="2021-03-25T23:16:55 CET" name="test_LoginDDT" data-provider="LoginData" finished-at="2021-03-25T23:17:07 CET" duration-ms="12310" status="PASS">
          <params>
            <param index="0">
              <value>
                <![CDATA[pavan@gmail.com]]>
              </value>
            </param>
            <param index="1">
              <value>
                <![CDATA[test]]>
              </value>
            </param>
            <param index="2">
              <value>
                <![CDATA[Invalid]]>
              </value>
            </param>
          </params>
          <reporter-output>
          </reporter-output>
        </test-method> <!-- test_LoginDDT -->
        <test-method is-config="true" signature="tearDown()[pri:0, instance:testCases.TC_003_LoginDDT@48aca48b]" started-at="2021-03-25T23:17:07 CET" name="tearDown" finished-at="2021-03-25T23:17:07 CET" duration-ms="63" status="PASS">
          <reporter-output>
          </reporter-output>
        </test-method> <!-- tearDown -->
      </class> <!-- testCases.TC_003_LoginDDT -->
    </test> <!-- OpenCart Tests -->
  </suite> <!-- OpenCart Test Suite -->
</testng-results>
